<?xml version="1.0" encoding="UTF-8"?>
<testng-results ignored="0" total="1" passed="1" failed="0" skipped="0">
  <reporter-output>
  </reporter-output>
  <suite started-at="2019-11-19T15:17:36 IST" name="Default suite" finished-at="2019-11-19T15:18:07 IST" duration-ms="30591">
    <groups>
    </groups>
    <test started-at="2019-11-19T15:17:36 IST" name="Default test" finished-at="2019-11-19T15:18:07 IST" duration-ms="30591">
      <class name="com.training.sanity.tests.UFM_005_ModifyPersonalDetails">
        <test-method is-config="true" signature="setUpBeforeClass()[pri:0, instance:com.training.sanity.tests.UFM_005_ModifyPersonalDetails@3901d134]" started-at="2019-11-19T15:17:36 IST" name="setUpBeforeClass" finished-at="2019-11-19T15:17:36 IST" duration-ms="22" status="PASS">
          <reporter-output>
          </reporter-output>
        </test-method> <!-- setUpBeforeClass -->
        <test-method is-config="true" signature="setUp()[pri:0, instance:com.training.sanity.tests.UFM_005_ModifyPersonalDetails@3901d134]" started-at="2019-11-19T15:17:36 IST" name="setUp" finished-at="2019-11-19T15:17:49 IST" duration-ms="13313" status="PASS">
          <reporter-output>
          </reporter-output>
        </test-method> <!-- setUp -->
        <test-method signature="OrderHistory()[pri:0, instance:com.training.sanity.tests.UFM_005_ModifyPersonalDetails@3901d134]" started-at="2019-11-19T15:17:49 IST" name="OrderHistory" finished-at="2019-11-19T15:18:05 IST" duration-ms="15398" status="PASS">
          <reporter-output>
          </reporter-output>
        </test-method> <!-- OrderHistory -->
        <test-method is-config="true" signature="tearDown()[pri:0, instance:com.training.sanity.tests.UFM_005_ModifyPersonalDetails@3901d134]" started-at="2019-11-19T15:18:05 IST" name="tearDown" finished-at="2019-11-19T15:18:07 IST" duration-ms="1825" status="PASS">
          <reporter-output>
          </reporter-output>
        </test-method> <!-- tearDown -->
      </class> <!-- com.training.sanity.tests.UFM_005_ModifyPersonalDetails -->
    </test> <!-- Default test -->
  </suite> <!-- Default suite -->
</testng-results>
